# JRE version: OpenJDK Runtime Environment (10.0.2+13) (build 10.0.2+13)
# Java VM: OpenJDK 64-Bit Server VM (10.0.2+13, mixed mode, tiered, compressed oops, g1 gc, windows-amd64)
Heap:
 garbage-first heap   total 157696K, used 40385K [0x0000000081600000, 0x0000000100000000)
  region size 1024K, 8 young (8192K), 3 survivors (3072K)
 Metaspace       used 33950K, capacity 34501K, committed 35200K, reserved 1081344K
  class space    used 3109K, capacity 3357K, committed 3456K, reserved 1048576K
GC Heap History (10 events):
Event: 32.681 GC heap before
{Heap before GC invocations=16 (full 0):
 garbage-first heap   total 157696K, used 127115K [0x0000000081600000, 0x0000000100000000)
  region size 1024K, 92 young (94208K), 4 survivors (4096K)
 Metaspace       used 33692K, capacity 34181K, committed 34688K, reserved 1081344K
  class space    used 3105K, capacity 3357K, committed 3456K, reserved 1048576K
}
Event: 32.686 GC heap after
{Heap after GC invocations=17 (full 0):
 garbage-first heap   total 157696K, used 36403K [0x0000000081600000, 0x0000000100000000)
  region size 1024K, 3 young (3072K), 3 survivors (3072K)
 Metaspace       used 33692K, capacity 34181K, committed 34688K, reserved 1081344K
  class space    used 3105K, capacity 3357K, committed 3456K, reserved 1048576K
}
Event: 61.381 GC heap before
{Heap before GC invocations=17 (full 0):
 garbage-first heap   total 157696K, used 127539K [0x0000000081600000, 0x0000000100000000)
  region size 1024K, 92 young (94208K), 3 survivors (3072K)
 Metaspace       used 33793K, capacity 34373K, committed 34944K, reserved 1081344K
  class space    used 3106K, capacity 3357K, committed 3456K, reserved 1048576K
}
Event: 61.386 GC heap after
{Heap after GC invocations=18 (full 0):
 garbage-first heap   total 157696K, used 36597K [0x0000000081600000, 0x0000000100000000)
  region size 1024K, 3 young (3072K), 3 survivors (3072K)
 Metaspace       used 33793K, capacity 34373K, committed 34944K, reserved 1081344K
  class space    used 3106K, capacity 3357K, committed 3456K, reserved 1048576K
}
Event: 66.737 GC heap before
{Heap before GC invocations=18 (full 0):
 garbage-first heap   total 157696K, used 127733K [0x0000000081600000, 0x0000000100000000)
  region size 1024K, 92 young (94208K), 3 survivors (3072K)
 Metaspace       used 33835K, capacity 34373K, committed 34944K, reserved 1081344K
  class space    used 3106K, capacity 3357K, committed 3456K, reserved 1048576K
}
Event: 66.742 GC heap after
{Heap after GC invocations=19 (full 0):
 garbage-first heap   total 157696K, used 36907K [0x0000000081600000, 0x0000000100000000)
  region size 1024K, 4 young (4096K), 4 survivors (4096K)
 Metaspace       used 33835K, capacity 34373K, committed 34944K, reserved 1081344K
  class space    used 3106K, capacity 3357K, committed 3456K, reserved 1048576K
}
Event: 95.219 GC heap before
{Heap before GC invocations=19 (full 0):
 garbage-first heap   total 157696K, used 127019K [0x0000000081600000, 0x0000000100000000)
  region size 1024K, 92 young (94208K), 4 survivors (4096K)
 Metaspace       used 33836K, capacity 34373K, committed 34944K, reserved 1081344K
  class space    used 3106K, capacity 3357K, committed 3456K, reserved 1048576K
}
Event: 95.227 GC heap after
{Heap after GC invocations=20 (full 0):
 garbage-first heap   total 157696K, used 36630K [0x0000000081600000, 0x0000000100000000)
  region size 1024K, 3 young (3072K), 3 survivors (3072K)
 Metaspace       used 33836K, capacity 34373K, committed 34944K, reserved 1081344K
  class space    used 3106K, capacity 3357K, committed 3456K, reserved 1048576K
}
Event: 164.515 GC heap before
{Heap before GC invocations=20 (full 0):
 garbage-first heap   total 157696K, used 127766K [0x0000000081600000, 0x0000000100000000)
  region size 1024K, 92 young (94208K), 3 survivors (3072K)
 Metaspace       used 33950K, capacity 34501K, committed 35200K, reserved 1081344K
  class space    used 3109K, capacity 3357K, committed 3456K, reserved 1048576K
}
Event: 164.522 GC heap after
{Heap after GC invocations=21 (full 0):
 garbage-first heap   total 157696K, used 36289K [0x0000000081600000, 0x0000000100000000)
  region size 1024K, 3 young (3072K), 3 survivors (3072K)
 Metaspace       used 33950K, capacity 34501K, committed 35200K, reserved 1081344K
  class space    used 3109K, capacity 3357K, committed 3456K, reserved 1048576K
}

